Build started 7/9/2014 8:35:29 PM.
     1>Project "C:\Users\lemongod\documents\visual studio 2013\Projects\MediaStreamerDX\MediaStreamerDX\MediaStreamerDX.vcxproj" on node 2 (Build target(s)).
     1>C:\Program Files (x86)\MSBuild\Microsoft.Cpp\v4.0\V120\Microsoft.CppBuild.targets(935,5): warning MSB8027: Two or more files with the name of moc_ClientWidget.cpp will produce outputs to the same location. This can lead to an incorrect build result.  The files involved are GeneratedFiles\Debug\moc_ClientWidget.cpp, GeneratedFiles\Release\moc_ClientWidget.cpp.
     1>C:\Program Files (x86)\MSBuild\Microsoft.Cpp\v4.0\V120\Microsoft.CppBuild.targets(935,5): warning MSB8027: Two or more files with the name of moc_MainWindow.cpp will produce outputs to the same location. This can lead to an incorrect build result.  The files involved are GeneratedFiles\Debug\moc_MainWindow.cpp, GeneratedFiles\Release\moc_MainWindow.cpp.
     1>C:\Program Files (x86)\MSBuild\Microsoft.Cpp\v4.0\V120\Microsoft.CppBuild.targets(935,5): warning MSB8027: Two or more files with the name of moc_ServerWidget.cpp will produce outputs to the same location. This can lead to an incorrect build result.  The files involved are GeneratedFiles\Debug\moc_ServerWidget.cpp, GeneratedFiles\Release\moc_ServerWidget.cpp.
     1>ClCompile:
         C:\Program Files (x86)\Microsoft Visual Studio 12.0\VC\bin\x86_amd64\CL.exe /c /I.\GeneratedFiles /I. /IC:\Qt\Qt5.3.1\5.3\msvc2013_64\include /I.\GeneratedFiles\Debug /IC:\Qt\Qt5.3.1\5.3\msvc2013_64\include\QtCore /IC:\Qt\Qt5.3.1\5.3\msvc2013_64\include\QtGui /IC:\Qt\Qt5.3.1\5.3\msvc2013_64\include\QtWidgets /Zi /nologo /W1 /WX- /Od /D UNICODE /D WIN32 /D WIN64 /D QT_DLL /D QT_CORE_LIB /D QT_GUI_LIB /D QT_WIDGETS_LIB /Gm- /EHsc /MDd /GS /fp:precise /Zc:wchar_t /Zc:forScope /Fo"x64\Debug\\" /Fd"x64\Debug\vc120.pdb" /Gd /TP /errorReport:prompt ClientWidget.cpp
         ClientWidget.cpp
       Link:
         C:\Program Files (x86)\Microsoft Visual Studio 12.0\VC\bin\x86_amd64\link.exe /ERRORREPORT:PROMPT /OUT:"C:\Users\lemongod\documents\visual studio 2013\Projects\MediaStreamerDX\x64\Debug\\MediaStreamerDX.exe" /NOLOGO /LIBPATH:C:\Qt\Qt5.3.1\5.3\msvc2013_64\lib qtmaind.lib Qt5Cored.lib Qt5Guid.lib Qt5Widgetsd.lib kernel32.lib user32.lib gdi32.lib winspool.lib comdlg32.lib advapi32.lib shell32.lib ole32.lib oleaut32.lib uuid.lib odbc32.lib odbccp32.lib /MANIFEST /MANIFESTUAC:"level='asInvoker' uiAccess='false'" /manifest:embed /DEBUG /PDB:"C:\Users\lemongod\documents\visual studio 2013\Projects\MediaStreamerDX\x64\Debug\MediaStreamerDX.pdb" /SUBSYSTEM:WINDOWS /TLBID:1 /DYNAMICBASE /NXCOMPAT /IMPLIB:"C:\Users\lemongod\documents\visual studio 2013\Projects\MediaStreamerDX\x64\Debug\MediaStreamerDX.lib" /MACHINE:X64 x64\Debug\ClientWidget.obj
         x64\Debug\moc_ClientWidget.obj
         x64\Debug\moc_MainWindow.obj
         x64\Debug\moc_ServerWidget.obj
         x64\Debug\qrc_mediastreamerdx.obj
         x64\Debug\main.obj
         x64\Debug\MainWindow.obj
         x64\Debug\ServerWidget.obj
         MediaStreamerDX.vcxproj -> C:\Users\lemongod\documents\visual studio 2013\Projects\MediaStreamerDX\x64\Debug\MediaStreamerDX.exe
     1>Done Building Project "C:\Users\lemongod\documents\visual studio 2013\Projects\MediaStreamerDX\MediaStreamerDX\MediaStreamerDX.vcxproj" (Build target(s)).

Build succeeded.

Time Elapsed 00:00:01.05
