Build started 7/5/2014 4:13:28 PM.
     1>Project "c:\Users\lemongod\documents\visual studio 2013\Projects\MediaStreamerDX\MediaStreamerDX\MediaStreamerDX.vcxproj" on node 2 (Build target(s)).
     1>CustomBuild:
         Rcc'ing mediastreamerdx.qrc...
         Moc'ing ClientWidget.h...
         Moc'ing MainWindow.h...
         Moc'ing ServerWidget.h...
     1>C:\Program Files (x86)\MSBuild\Microsoft.Cpp\v4.0\V120\Microsoft.CppBuild.targets(935,5): warning MSB8027: Two or more files with the name of moc_ClientWidget.cpp will produce outputs to the same location. This can lead to an incorrect build result.  The files involved are GeneratedFiles\Debug\moc_ClientWidget.cpp, GeneratedFiles\Release\moc_ClientWidget.cpp.
     1>C:\Program Files (x86)\MSBuild\Microsoft.Cpp\v4.0\V120\Microsoft.CppBuild.targets(935,5): warning MSB8027: Two or more files with the name of moc_MainWindow.cpp will produce outputs to the same location. This can lead to an incorrect build result.  The files involved are GeneratedFiles\Debug\moc_MainWindow.cpp, GeneratedFiles\Release\moc_MainWindow.cpp.
     1>C:\Program Files (x86)\MSBuild\Microsoft.Cpp\v4.0\V120\Microsoft.CppBuild.targets(935,5): warning MSB8027: Two or more files with the name of moc_ServerWidget.cpp will produce outputs to the same location. This can lead to an incorrect build result.  The files involved are GeneratedFiles\Debug\moc_ServerWidget.cpp, GeneratedFiles\Release\moc_ServerWidget.cpp.
       ClCompile:
         C:\Program Files (x86)\Microsoft Visual Studio 12.0\VC\bin\CL.exe /c /I.\GeneratedFiles /I. /IC:\Qt\Qt5.3.1\5.3\msvc2013_64\include /I.\GeneratedFiles\Debug /IC:\Qt\Qt5.3.1\5.3\msvc2013_64\include\QtCore /IC:\Qt\Qt5.3.1\5.3\msvc2013_64\include\QtGui /IC:\Qt\Qt5.3.1\5.3\msvc2013_64\include\QtWidgets /Zi /nologo /W1 /WX- /Od /Oy- /D UNICODE /D WIN32 /D WIN64 /D QT_DLL /D QT_CORE_LIB /D QT_GUI_LIB /D QT_WIDGETS_LIB /Gm- /EHsc /MDd /GS /fp:precise /Zc:wchar_t /Zc:forScope /Fo"Debug\\" /Fd"Debug\vc120.pdb" /Gd /TP /analyze- /errorReport:prompt ClientWidget.cpp GeneratedFiles\Debug\moc_ClientWidget.cpp GeneratedFiles\Debug\moc_MainWindow.cpp GeneratedFiles\Debug\moc_ServerWidget.cpp main.cpp MainWindow.cpp ServerWidget.cpp
         ClientWidget.cpp
         moc_ClientWidget.cpp
         moc_MainWindow.cpp
         moc_ServerWidget.cpp
         main.cpp
         MainWindow.cpp
         ServerWidget.cpp
         Generating Code...
         C:\Program Files (x86)\Microsoft Visual Studio 12.0\VC\bin\CL.exe /c /I.\GeneratedFiles /I. /IC:\Qt\Qt5.3.1\5.3\msvc2013_64\include /I.\GeneratedFiles\Debug /IC:\Qt\Qt5.3.1\5.3\msvc2013_64\include\QtCore /IC:\Qt\Qt5.3.1\5.3\msvc2013_64\include\QtGui /IC:\Qt\Qt5.3.1\5.3\msvc2013_64\include\QtWidgets /Zi /nologo /W1 /WX- /Od /Oy- /D UNICODE /D WIN32 /D WIN64 /D QT_DLL /D QT_CORE_LIB /D QT_GUI_LIB /D QT_WIDGETS_LIB /Gm- /EHsc /MDd /GS /fp:precise /Zc:wchar_t /Zc:forScope /Fo"Debug\\" /Fd"Debug\vc120.pdb" /Gd /TP /analyze- /errorReport:prompt GeneratedFiles\qrc_mediastreamerdx.cpp
         qrc_mediastreamerdx.cpp
       Link:
         C:\Program Files (x86)\Microsoft Visual Studio 12.0\VC\bin\link.exe /ERRORREPORT:PROMPT /OUT:"c:\users\lemongod\documents\visual studio 2013\Projects\MediaStreamerDX\Win32\Debug\\MediaStreamerDX.exe" /NOLOGO /LIBPATH:C:\Qt\Qt5.3.1\5.3\msvc2013_64\lib qtmaind.lib Qt5Cored.lib Qt5Guid.lib Qt5Widgetsd.lib kernel32.lib user32.lib gdi32.lib winspool.lib comdlg32.lib advapi32.lib shell32.lib ole32.lib oleaut32.lib uuid.lib odbc32.lib odbccp32.lib /MANIFEST /MANIFESTUAC:"level='asInvoker' uiAccess='false'" /manifest:embed /DEBUG /PDB:"c:\users\lemongod\documents\visual studio 2013\Projects\MediaStreamerDX\Win32\Debug\MediaStreamerDX.pdb" /SUBSYSTEM:WINDOWS /TLBID:1 /DYNAMICBASE /NXCOMPAT /IMPLIB:"c:\users\lemongod\documents\visual studio 2013\Projects\MediaStreamerDX\Win32\Debug\MediaStreamerDX.lib" /MACHINE:X86 /SAFESEH Debug\ClientWidget.obj
         Debug\moc_ClientWidget.obj
         Debug\moc_MainWindow.obj
         Debug\moc_ServerWidget.obj
         Debug\qrc_mediastreamerdx.obj
         Debug\main.obj
         Debug\MainWindow.obj
         Debug\ServerWidget.obj
     1>Qt5Widgetsd.lib(Qt5Widgetsd.dll) : fatal error LNK1112: module machine type 'x64' conflicts with target machine type 'X86'
     1>Done Building Project "c:\Users\lemongod\documents\visual studio 2013\Projects\MediaStreamerDX\MediaStreamerDX\MediaStreamerDX.vcxproj" (Build target(s)) -- FAILED.

Build FAILED.

Time Elapsed 00:00:06.30
